\BOOKMARK [0][-]{chapter*.2}{\376\377\000C\000o\000n\000t\000e\000n\000t\000s}{}% 1
\BOOKMARK [0][-]{chapter*.3}{\376\377\000H\000o\000m\000e\000w\000o\000r\000k\000\040\0001}{}% 2
\BOOKMARK [1][-]{section*.4}{\376\377\000N\000o\000t\000a\000t\000i\000o\000n}{chapter*.3}% 3
\BOOKMARK [1][-]{section.1.1}{\376\377\000I\000n\000t\000r\000o\000d\000u\000c\000t\000i\000o\000n}{chapter*.3}% 4
\BOOKMARK [1][-]{section.1.2}{\376\377\000H\000i\000g\000h\000\040\000l\000e\000v\000e\000l\000\040\000g\000o\000a\000l\000s}{chapter*.3}% 5
\BOOKMARK [1][-]{section.1.3}{\376\377\000M\000i\000s\000s\000i\000o\000n\000\040\000d\000r\000i\000v\000e\000r\000s}{chapter*.3}% 6
\BOOKMARK [1][-]{section.1.4}{\376\377\000F\000u\000n\000c\000t\000i\000o\000n\000a\000l\000\040\000a\000n\000a\000l\000y\000s\000i\000s}{chapter*.3}% 7
\BOOKMARK [1][-]{section.1.5}{\376\377\000M\000a\000i\000n\000\040\000m\000i\000s\000s\000i\000o\000n\000\040\000p\000h\000a\000s\000e\000s}{chapter*.3}% 8
\BOOKMARK [1][-]{section.1.6}{\376\377\000C\000o\000n\000O\000p\000s}{chapter*.3}% 9
\BOOKMARK [1][-]{section.1.7}{\376\377\000P\000a\000y\000l\000o\000a\000d\000\040\000a\000n\000a\000l\000y\000s\000i\000s}{chapter*.3}% 10
\BOOKMARK [2][-]{subsection.1.7.1}{\376\377\000I\000n\000s\000t\000r\000u\000m\000e\000n\000t\000s\000\040\000o\000v\000e\000r\000v\000i\000e\000w}{section.1.7}% 11
\BOOKMARK [2][-]{subsection.1.7.2}{\376\377\000P\000a\000y\000l\000o\000a\000d\000\040\000a\000n\000d\000\040\000G\000o\000a\000l\000s\000\040\000c\000o\000r\000r\000e\000l\000a\000t\000i\000o\000n}{section.1.7}% 12
\BOOKMARK [2][-]{subsection.1.7.3}{\376\377\000P\000a\000y\000l\000o\000a\000d\000\040\000a\000n\000d\000\040\000P\000h\000a\000s\000e\000s\000/\000C\000o\000n\000O\000p\000s\000\040\000c\000o\000r\000r\000e\000l\000a\000t\000i\000o\000n}{section.1.7}% 13
\BOOKMARK [1][-]{section.1.8}{\376\377\000M\000i\000s\000s\000i\000o\000n\000\040\000a\000n\000a\000l\000y\000s\000i\000s}{chapter*.3}% 14
\BOOKMARK [2][-]{subsection.1.8.1}{\376\377\000L\000a\000u\000n\000c\000h\000\040\000a\000n\000d\000\040\000c\000r\000u\000i\000s\000e}{section.1.8}% 15
\BOOKMARK [2][-]{subsection.1.8.2}{\376\377\000J\000u\000p\000i\000t\000e\000r\000\040\000a\000p\000p\000r\000o\000a\000c\000h\000\040\000a\000n\000d\000\040\000i\000n\000s\000e\000r\000t\000i\000o\000n}{section.1.8}% 16
\BOOKMARK [2][-]{subsection.1.8.3}{\376\377\000S\000c\000i\000e\000n\000c\000e\000\040\000o\000p\000e\000r\000a\000t\000i\000o\000n\000s\000\040\000a\000n\000d\000\040\000e\000x\000t\000e\000n\000d\000e\000d\000\040\000m\000i\000s\000s\000i\000o\000n}{section.1.8}% 17
\BOOKMARK [2][-]{subsection.1.8.4}{\376\377\000M\000i\000s\000s\000i\000o\000n\000\040\000d\000i\000s\000p\000o\000s\000a\000l}{section.1.8}% 18
\BOOKMARK [1][-]{section*.12}{\376\377\000B\000i\000b\000l\000i\000o\000g\000r\000a\000p\000h\000y}{chapter*.3}% 19
\BOOKMARK [0][-]{chapter*.13}{\376\377\000H\000o\000m\000e\000w\000o\000r\000k\000\040\0002}{}% 20
\BOOKMARK [1][-]{section*.14}{\376\377\000N\000o\000t\000a\000t\000i\000o\000n}{chapter*.13}% 21
\BOOKMARK [1][-]{section.2.1}{\376\377\000\040\000M\000i\000s\000s\000i\000o\000n\000\040\000a\000n\000a\000l\000y\000s\000i\000s\000\040\000a\000n\000d\000\040\000D\000e\000l\000t\000a\000-\000V\000\040\000b\000u\000d\000g\000e\000t\000\040}{chapter*.13}% 22
\BOOKMARK [2][-]{subsection.2.1.1}{\376\377\000R\000a\000t\000i\000o\000n\000a\000l\000e\000\040\000o\000f\000\040\000t\000h\000e\000\040\000m\000i\000s\000s\000i\000o\000n\000\040\000a\000n\000a\000l\000y\000s\000i\000s}{section.2.1}% 23
\BOOKMARK [2][-]{subsection.2.1.2}{\376\377\000S\000i\000m\000u\000l\000a\000t\000i\000o\000n\000\040\000o\000f\000\040\000t\000h\000e\000\040\000i\000n\000t\000e\000r\000p\000l\000a\000n\000e\000t\000a\000r\000y\000\040\000t\000r\000a\000j\000e\000c\000t\000o\000r\000y}{section.2.1}% 24
\BOOKMARK [2][-]{subsection.2.1.3}{\376\377\000D\000e\000l\000t\000a\000-\000V\000\040\000b\000u\000d\000g\000e\000t}{section.2.1}% 25
\BOOKMARK [1][-]{section.2.2}{\376\377\000P\000r\000o\000p\000u\000l\000s\000i\000o\000n\000\040\000s\000y\000s\000t\000e\000m\000\040\000a\000r\000c\000h\000i\000t\000e\000c\000t\000u\000r\000e}{chapter*.13}% 26
\BOOKMARK [2][-]{subsection.2.2.1}{\376\377\000M\000a\000i\000n\000\040\000E\000n\000g\000i\000n\000e\000\040\000a\000n\000d\000\040\000R\000C\000S}{section.2.2}% 27
\BOOKMARK [2][-]{subsection.2.2.2}{\376\377\000M\000a\000n\000o\000e\000u\000v\000r\000e\000\040\000I\000m\000p\000l\000e\000m\000e\000n\000t\000a\000t\000i\000o\000n\000\040\000M\000o\000d\000e\000s}{section.2.2}% 28
\BOOKMARK [2][-]{subsection.2.2.3}{\376\377\000T\000a\000n\000k\000s}{section.2.2}% 29
\BOOKMARK [1][-]{section.2.3}{\376\377\000R\000e\000v\000e\000r\000s\000e\000\040\000e\000n\000g\000i\000n\000e\000e\000r\000i\000n\000g\000\040\000o\000f\000\040\000p\000r\000o\000p\000u\000l\000s\000i\000o\000n\000\040\000s\000y\000s\000t\000e\000m}{chapter*.13}% 30
\BOOKMARK [2][-]{subsection.2.3.1}{\376\377\000F\000u\000e\000l\000\040\000a\000n\000d\000\040\000o\000x\000i\000d\000i\000z\000e\000r\000\040\000t\000a\000n\000k\000s\000\040\000s\000i\000z\000i\000n\000g}{section.2.3}% 31
\BOOKMARK [2][-]{subsection.2.3.2}{\376\377\000P\000r\000e\000s\000s\000u\000r\000i\000z\000e\000r\000\040\000t\000a\000n\000k\000s\000\040\000s\000i\000z\000i\000n\000g}{section.2.3}% 32
\BOOKMARK [2][-]{subsection.2.3.3}{\376\377\000C\000o\000m\000p\000u\000t\000a\000t\000i\000o\000n\000\040\000o\000f\000\040\000a\000c\000t\000u\000a\000l\000\040\000p\000r\000o\000p\000e\000l\000l\000a\000n\000t\000s\000\040\000u\000s\000a\000g\000e}{section.2.3}% 33
\BOOKMARK [1][-]{section*.27}{\376\377\000B\000i\000b\000l\000i\000o\000g\000r\000a\000p\000h\000y}{chapter*.13}% 34
\BOOKMARK [0][-]{chapter*.28}{\376\377\000H\000o\000m\000e\000w\000o\000r\000k\000\040\0003}{}% 35
\BOOKMARK [1][-]{section*.29}{\376\377\000N\000o\000t\000a\000t\000i\000o\000n}{chapter*.28}% 36
\BOOKMARK [1][-]{section.3.1}{\376\377\000T\000M\000T\000C\000\040\000s\000y\000s\000t\000e\000m\000\040\000a\000r\000c\000h\000i\000t\000e\000c\000t\000u\000r\000e}{chapter*.28}% 37
\BOOKMARK [2][-]{subsection.3.1.1}{\376\377\000H\000G\000A}{section.3.1}% 38
\BOOKMARK [2][-]{subsection.3.1.2}{\376\377\000M\000G\000A\000\040\000\046\000\040\000L\000G\000A\000s}{section.3.1}% 39
\BOOKMARK [2][-]{subsection.3.1.3}{\376\377\000T\000L\000G\000A}{section.3.1}% 40
\BOOKMARK [2][-]{subsection.3.1.4}{\376\377\000G\000r\000o\000u\000n\000d\000\040\000s\000t\000a\000t\000i\000o\000n\000s}{section.3.1}% 41
\BOOKMARK [1][-]{section.3.2}{\376\377\000P\000h\000a\000s\000e\000s\000\040\000b\000r\000e\000a\000k\000d\000o\000w\000n}{chapter*.28}% 42
\BOOKMARK [1][-]{section.3.3}{\376\377\000R\000e\000v\000e\000r\000s\000e\000\040\000s\000i\000z\000i\000n\000g\000\040\000o\000f\000\040\000t\000h\000e\000\040\000H\000G\000A}{chapter*.28}% 43
\BOOKMARK [1][-]{section*.38}{\376\377\000B\000i\000b\000l\000i\000o\000g\000r\000a\000p\000h\000y}{chapter*.28}% 44
\BOOKMARK [0][-]{chapter*.39}{\376\377\000H\000o\000m\000e\000w\000o\000r\000k\000\040\0004}{}% 45
\BOOKMARK [1][-]{section*.40}{\376\377\000N\000o\000t\000a\000t\000i\000o\000n}{chapter*.39}% 46
\BOOKMARK [1][-]{section.4.1}{\376\377\000I\000n\000t\000r\000o\000d\000u\000c\000t\000i\000o\000n\000\040\000o\000f\000\040\000A\000O\000C\000S}{chapter*.39}% 47
\BOOKMARK [1][-]{section.4.2}{\376\377\000B\000r\000e\000a\000k\000d\000o\000w\000n\000\040\000o\000f\000\040\000J\000u\000n\000o\000\040\000m\000o\000d\000e\000s}{chapter*.39}% 48
\BOOKMARK [2][-]{subsection.4.2.1}{\376\377\000S\000u\000n\000\040\000P\000o\000i\000n\000t\000i\000n\000g\000\040\000M\000o\000d\000e\000\040\000\050\000S\000P\000M\000\051}{section.4.2}% 49
\BOOKMARK [2][-]{subsection.4.2.2}{\376\377\000E\000a\000r\000t\000h\000\040\000P\000o\000i\000n\000t\000i\000n\000g\000\040\000M\000o\000d\000e\000\040\000\050\000E\000P\000M\000\051}{section.4.2}% 50
\BOOKMARK [2][-]{subsection.4.2.3}{\376\377\000G\000R\000A\000V\000i\000t\000y\000\040\000s\000c\000i\000e\000n\000c\000e\000\040\000M\000o\000d\000e\000\040\000\050\000G\000R\000A\000V\000M\000\051}{section.4.2}% 51
\BOOKMARK [2][-]{subsection.4.2.4}{\376\377\000M\000i\000c\000r\000o\000W\000a\000v\000e\000\040\000R\000a\000d\000i\000o\000m\000e\000t\000e\000r\000\040\000M\000o\000d\000e\000\040\000\050\000M\000W\000R\000M\000\051}{section.4.2}% 52
\BOOKMARK [2][-]{subsection.4.2.5}{\376\377\000T\000u\000r\000n\000-\000B\000u\000r\000n\000-\000T\000u\000r\000n\000\040\000M\000o\000d\000e\000\040\000\050\000T\000B\000T\000M\000\051}{section.4.2}% 53
\BOOKMARK [2][-]{subsection.4.2.6}{\376\377\000V\000E\000C\000t\000o\000r\000\040\000M\000o\000d\000e\000\040\000\050\000V\000E\000C\000M\000\051}{section.4.2}% 54
\BOOKMARK [2][-]{subsection.4.2.7}{\376\377\000S\000p\000i\000n\000\040\000C\000h\000a\000n\000g\000e\000\040\000M\000o\000d\000e\000\040\000\050\000S\000C\000M\000\051}{section.4.2}% 55
\BOOKMARK [2][-]{subsection.4.2.8}{\376\377\000S\000a\000f\000e\000\040\000M\000o\000d\000e\000s\000\040\000\050\000S\000M\000\051}{section.4.2}% 56
\BOOKMARK [2][-]{subsection.4.2.9}{\376\377\000P\000o\000i\000n\000t\000i\000n\000g\000\040\000b\000u\000d\000g\000e\000t\000\040\000\046\000\040\000P\000h\000a\000s\000e\000s\000/\000A\000O\000C\000S\000\040\000m\000o\000d\000e\000s\000\040\000c\000o\000r\000r\000e\000l\000a\000t\000i\000o\000n}{section.4.2}% 57
\BOOKMARK [1][-]{section.4.3}{\376\377\000A\000r\000c\000h\000i\000t\000e\000c\000t\000u\000r\000e\000\040\000a\000n\000d\000\040\000r\000a\000t\000i\000o\000n\000a\000l\000e\000\040\000o\000f\000\040\000A\000O\000C\000S}{chapter*.39}% 58
\BOOKMARK [2][-]{subsection.4.3.1}{\376\377\000S\000e\000n\000s\000o\000r\000s}{section.4.3}% 59
\BOOKMARK [2][-]{subsection.4.3.2}{\376\377\000A\000c\000t\000u\000a\000t\000o\000r\000s}{section.4.3}% 60
\BOOKMARK [2][-]{subsection.4.3.3}{\376\377\000R\000a\000t\000i\000o\000n\000a\000l\000e}{section.4.3}% 61
\BOOKMARK [1][-]{section.4.4}{\376\377\000R\000e\000v\000e\000r\000s\000e\000\040\000s\000i\000z\000i\000n\000g\000\040\000o\000f\000\040\000A\000O\000C\000S}{chapter*.39}% 62
\BOOKMARK [2][-]{subsection.4.4.1}{\376\377\000M\000o\000d\000e\000l\000i\000n\000g\000\040\000h\000y\000p\000o\000t\000h\000e\000s\000i\000s}{section.4.4}% 63
\BOOKMARK [2][-]{subsection.4.4.2}{\376\377\000P\000e\000r\000t\000u\000r\000b\000a\000t\000i\000o\000n\000s}{section.4.4}% 64
\BOOKMARK [2][-]{subsection.4.4.3}{\376\377\000P\000r\000o\000p\000e\000l\000l\000a\000n\000t\000\040\000r\000e\000v\000e\000r\000s\000e\000\040\000s\000i\000z\000i\000n\000g}{section.4.4}% 65
\BOOKMARK [1][-]{section.4.5}{\376\377\000A\000p\000p\000e\000n\000d\000i\000x}{chapter*.39}% 66
\BOOKMARK [2][-]{subsection.4.5.1}{\376\377\000S\000i\000m\000u\000l\000i\000n\000k\000\040\000m\000o\000d\000e\000l\000\040\000d\000e\000s\000c\000r\000i\000p\000t\000i\000o\000n}{section.4.5}% 67
\BOOKMARK [1][-]{section*.55}{\376\377\000B\000i\000b\000l\000i\000o\000g\000r\000a\000p\000h\000y}{chapter*.39}% 68
\BOOKMARK [0][-]{chapter*.56}{\376\377\000H\000o\000m\000e\000w\000o\000r\000k\000\040\0005}{}% 69
\BOOKMARK [1][-]{section*.57}{\376\377\000N\000o\000t\000a\000t\000i\000o\000n}{chapter*.56}% 70
\BOOKMARK [1][-]{section.5.1}{\376\377\000I\000n\000t\000r\000o\000d\000u\000c\000t\000i\000o\000n\000\040\000o\000f\000\040\000T\000C\000S}{chapter*.56}% 71
\BOOKMARK [1][-]{section.5.2}{\376\377\000A\000n\000a\000l\000y\000s\000i\000s\000\040\000o\000f\000\040\000t\000h\000e\000r\000m\000a\000l\000\040\000c\000o\000n\000d\000i\000t\000i\000o\000n\000s\000\040\000a\000l\000o\000n\000g\000\040\000t\000h\000e\000\040\000m\000i\000s\000s\000i\000o\000n}{chapter*.56}% 72
\BOOKMARK [2][-]{subsection.5.2.1}{\376\377\000T\000h\000e\000r\000m\000a\000l\000\040\000p\000h\000a\000s\000e\000s\000\040\000a\000n\000a\000l\000y\000s\000i\000s}{section.5.2}% 73
\BOOKMARK [2][-]{subsection.5.2.2}{\376\377\000E\000x\000t\000e\000r\000n\000a\000l\000\040\000h\000e\000a\000t\000\040\000f\000l\000u\000x\000\040\000a\000n\000a\000l\000y\000s\000i\000s}{section.5.2}% 74
\BOOKMARK [1][-]{section.5.3}{\376\377\000A\000r\000c\000h\000i\000t\000e\000c\000t\000u\000r\000e\000\040\000a\000n\000d\000\040\000r\000a\000t\000i\000o\000n\000a\000l\000e\000\040\000o\000f\000\040\000T\000C\000S}{chapter*.56}% 75
\BOOKMARK [1][-]{section.5.4}{\376\377\000R\000e\000v\000e\000r\000s\000e\000\040\000s\000i\000z\000i\000n\000g\000\040\000o\000f\000\040\000T\000C\000S}{chapter*.56}% 76
