\BOOKMARK [1][-]{section*.2}{\376\377\000C\000o\000n\000t\000e\000n\000t\000s}{}% 1
\BOOKMARK [1][-]{section*.3}{\376\377\000N\000o\000t\000a\000t\000i\000o\000n}{}% 2
\BOOKMARK [1][-]{section.1}{\376\377\000I\000n\000t\000r\000o\000d\000u\000c\000t\000i\000o\000n\000\040\000o\000f\000\040\000A\000O\000C\000S}{}% 3
\BOOKMARK [1][-]{section.2}{\376\377\000B\000r\000e\000a\000k\000d\000o\000w\000n\000\040\000o\000f\000\040\000J\000u\000n\000o\000\040\000m\000o\000d\000e\000s}{}% 4
\BOOKMARK [2][-]{subsection.2.1}{\376\377\000S\000u\000n\000\040\000P\000o\000i\000n\000t\000i\000n\000g\000\040\000M\000o\000d\000e\000\040\000\050\000S\000P\000M\000\051}{section.2}% 5
\BOOKMARK [2][-]{subsection.2.2}{\376\377\000E\000a\000r\000t\000h\000\040\000P\000o\000i\000n\000t\000i\000n\000g\000\040\000M\000o\000d\000e\000\040\000\050\000E\000P\000M\000\051}{section.2}% 6
\BOOKMARK [2][-]{subsection.2.3}{\376\377\000G\000R\000A\000V\000i\000t\000y\000\040\000s\000c\000i\000e\000n\000c\000e\000\040\000M\000o\000d\000e\000\040\000\050\000G\000R\000A\000V\000M\000\051}{section.2}% 7
\BOOKMARK [2][-]{subsection.2.4}{\376\377\000M\000i\000c\000r\000o\000W\000a\000v\000e\000\040\000R\000a\000d\000i\000o\000m\000e\000t\000e\000r\000\040\000M\000o\000d\000e\000\040\000\050\000M\000W\000R\000M\000\051}{section.2}% 8
\BOOKMARK [2][-]{subsection.2.5}{\376\377\000T\000u\000r\000n\000-\000B\000u\000r\000n\000-\000T\000u\000r\000n\000\040\000M\000o\000d\000e\000\040\000\050\000T\000B\000T\000M\000\051}{section.2}% 9
\BOOKMARK [2][-]{subsection.2.6}{\376\377\000V\000E\000C\000t\000o\000r\000\040\000M\000o\000d\000e\000\040\000\050\000V\000E\000C\000M\000\051}{section.2}% 10
\BOOKMARK [2][-]{subsection.2.7}{\376\377\000S\000p\000i\000n\000\040\000C\000h\000a\000n\000g\000e\000\040\000M\000o\000d\000e\000\040\000\050\000S\000C\000M\000\051}{section.2}% 11
\BOOKMARK [2][-]{subsection.2.8}{\376\377\000S\000a\000f\000e\000\040\000M\000o\000d\000e\000s\000\040\000\050\000S\000M\000\051}{section.2}% 12
\BOOKMARK [2][-]{subsection.2.9}{\376\377\000P\000o\000i\000n\000t\000i\000n\000g\000\040\000b\000u\000d\000g\000e\000t}{section.2}% 13
\BOOKMARK [1][-]{section.3}{\376\377\000A\000r\000c\000h\000i\000t\000e\000c\000t\000u\000r\000e\000\040\000a\000n\000d\000\040\000r\000a\000t\000i\000o\000n\000a\000l\000e\000\040\000o\000f\000\040\000A\000O\000C\000S}{}% 14
\BOOKMARK [2][-]{subsection.3.1}{\376\377\000S\000e\000n\000s\000o\000r\000s}{section.3}% 15
\BOOKMARK [2][-]{subsection.3.2}{\376\377\000A\000c\000t\000u\000a\000t\000o\000r\000s}{section.3}% 16
\BOOKMARK [2][-]{subsection.3.3}{\376\377\000R\000a\000t\000i\000o\000n\000a\000l\000e}{section.3}% 17
\BOOKMARK [1][-]{section.4}{\376\377\000R\000e\000v\000e\000r\000s\000e\000\040\000s\000i\000z\000i\000n\000g\000\040\000o\000f\000\040\000A\000O\000C\000S}{}% 18
\BOOKMARK [2][-]{subsection.4.1}{\376\377\000M\000o\000d\000e\000l\000i\000n\000g\000\040\000h\000y\000p\000o\000t\000h\000e\000s\000i\000s}{section.4}% 19
\BOOKMARK [2][-]{subsection.4.2}{\376\377\000P\000e\000r\000t\000u\000r\000b\000a\000t\000i\000o\000n\000s}{section.4}% 20
\BOOKMARK [2][-]{subsection.4.3}{\376\377\000P\000r\000o\000p\000e\000l\000l\000a\000n\000t\000\040\000r\000e\000v\000e\000r\000s\000e\000\040\000s\000i\000z\000i\000n\000g}{section.4}% 21
\BOOKMARK [1][-]{section.5}{\376\377\000A\000p\000p\000e\000n\000d\000i\000x}{}% 22
\BOOKMARK [2][-]{subsection.5.1}{\376\377\000S\000i\000m\000u\000l\000i\000n\000k\000\040\000m\000o\000d\000e\000l\000\040\000d\000e\000s\000c\000r\000i\000p\000t\000i\000o\000n}{section.5}% 23
\BOOKMARK [1][-]{figure.caption.17}{\376\377\000B\000i\000b\000l\000i\000o\000g\000r\000a\000p\000h\000y}{}% 24
